{
  "RSpec": {
    "coverage": {
      "/Users/tom/techTests/bank-tech-test/spec/account_spec.rb": [
        1,
        null,
        1,
        1,
        1,
        null,
        1,
        4,
        4,
        null,
        1,
        1,
        null,
        null,
        1,
        1,
        4,
        null,
        null,
        null,
        1,
        1,
        4,
        null,
        null,
        null
      ],
      "/Users/tom/techTests/bank-tech-test/lib/account.rb": [
        1,
        null,
        1,
        null,
        1,
        3,
        3,
        3,
        null,
        null,
        1,
        1,
        null,
        null,
        1,
        1,
        null,
        null,
        null
      ],
      "/Users/tom/techTests/bank-tech-test/spec/atm_spec.rb": [
        1,
        1,
        null,
        1,
        null,
        3,
        3,
        null,
        1,
        1,
        1,
        1,
        1,
        null,
        null,
        null,
        1,
        1,
        1,
        1,
        1,
        null,
        null,
        null,
        null,
        null,
        null
      ],
      "/Users/tom/techTests/bank-tech-test/lib/atm.rb": [
        1,
        null,
        1,
        null,
        1,
        2,
        null,
        null,
        1,
        1,
        null,
        null,
        1,
        1,
        null,
        null
      ],
      "/Users/tom/techTests/bank-tech-test/spec/history_spec.rb": [
        1,
        null,
        1,
        null,
        3,
        2,
        null,
        1,
        1,
        1,
        null,
        null,
        1,
        4,
        null,
        null,
        null,
        null
      ],
      "/Users/tom/techTests/bank-tech-test/lib/history.rb": [
        1,
        null,
        1,
        null,
        1,
        2,
        null,
        null,
        1,
        1,
        null,
        null,
        null
      ],
      "/Users/tom/techTests/bank-tech-test/spec/transaction_spec.rb": [
        1,
        1,
        null,
        1,
        1,
        1,
        1,
        null,
        5,
        null,
        1,
        1,
        1,
        null,
        null,
        null,
        1,
        1,
        1,
        null,
        null,
        null,
        1,
        1,
        1,
        null,
        null,
        null,
        1,
        1,
        1,
        null,
        null,
        null
      ],
      "/Users/tom/techTests/bank-tech-test/lib/transaction.rb": [
        1,
        null,
        1,
        null,
        1,
        4,
        4,
        4,
        4,
        null,
        null,
        null
      ]
    },
    "timestamp": 1512331398
  }
}
