{
  "RSpec": {
    "coverage": {
      "/Users/tom/techTests/bank-tech-test/spec/account_spec.rb": [
        1,
        null,
        1,
        null,
        3,
        null,
        1,
        1,
        4,
        null,
        null,
        null,
        1,
        1,
        4,
        null,
        null,
        null
      ],
      "/Users/tom/techTests/bank-tech-test/lib/account.rb": [
        1,
        null,
        1,
        null,
        1,
        2,
        null,
        null,
        1,
        1,
        null,
        null,
        1,
        1,
        null,
        null,
        null
      ]
    },
    "timestamp": 1512250768
  }
}
